<?xml version="1.0" encoding="UTF-8"?>
<testsuite name="com.toddnordquist.BinaryTreeTest" tests="1" skipped="0" failures="0" errors="0" timestamp="2022-03-07T04:01:19" hostname="DESKTOP-C95NCVO" time="0.017">
  <properties/>
  <testcase name="givenABinaryTree_whenAddingElements_thenTreeContainsThoseElements()" classname="com.toddnordquist.BinaryTreeTest" time="0.017"/>
  <system-out><![CDATA[]]></system-out>
  <system-err><![CDATA[]]></system-err>
</testsuite>
